2026-02-26 21:10:45,316 - INFO - Successfully read the YAML file
2026-02-26 21:10:45,316 - INFO - Data Ingestion Started with hotel_reservation_23456, file: Hotel_Reservations.csv
2026-02-26 21:10:45,317 - INFO - Starting Data Ingestion.
2026-02-26 21:10:50,155 - INFO - Raw file Hotel_Reservations.csv downloaded to artifacts/raw\raw.csv
2026-02-26 21:10:50,155 - INFO - Starting the splitting process
2026-02-26 21:10:50,389 - INFO - Train data saved to artifacts/raw\train.csv
2026-02-26 21:10:50,389 - INFO - Test data saved to artifacts/raw\test.csv
2026-02-26 21:10:50,390 - INFO - Data Ingestion completed successfuly.
2026-02-26 21:10:50,391 - INFO - Data ingestion complete
2026-02-26 21:10:50,392 - INFO - Successfully read the YAML file
2026-02-26 21:10:50,392 - INFO - Loading data from Raw Directory.
2026-02-26 21:10:50,393 - INFO - Loading data
2026-02-26 21:10:50,422 - INFO - Loading data
2026-02-26 21:10:50,454 - INFO - Starting data preprocessing
2026-02-26 21:10:50,454 - INFO - Dropping useless columns
2026-02-26 21:10:50,464 - INFO - Dropping duplicates
2026-02-26 21:10:50,482 - INFO - Applying Label Encoder
2026-02-26 21:10:50,493 - INFO - Label Mappings Are
2026-02-26 21:10:50,494 - INFO - type_of_meal_plan: {'Meal Plan 1': np.int64(0), 'Meal Plan 2': np.int64(1), 'Meal Plan 3': np.int64(2), 'Not Selected': np.int64(3)}
2026-02-26 21:10:50,494 - INFO - required_car_parking_space: {np.int64(0): np.int64(0), np.int64(1): np.int64(1)}
2026-02-26 21:10:50,494 - INFO - room_type_reserved: {'Room_Type 1': np.int64(0), 'Room_Type 2': np.int64(1), 'Room_Type 3': np.int64(2), 'Room_Type 4': np.int64(3), 'Room_Type 5': np.int64(4), 'Room_Type 6': np.int64(5), 'Room_Type 7': np.int64(6)}
2026-02-26 21:10:50,494 - INFO - market_segment_type: {'Aviation': np.int64(0), 'Complementary': np.int64(1), 'Corporate': np.int64(2), 'Offline': np.int64(3), 'Online': np.int64(4)}
2026-02-26 21:10:50,494 - INFO - repeated_guest: {np.int64(0): np.int64(0), np.int64(1): np.int64(1)}
2026-02-26 21:10:50,494 - INFO - booking_status: {'Canceled': np.int64(0), 'Not_Canceled': np.int64(1)}
2026-02-26 21:10:50,494 - INFO - Handle skew data
2026-02-26 21:10:50,496 - INFO - Starting data preprocessing
2026-02-26 21:10:50,496 - INFO - Dropping useless columns
2026-02-26 21:10:50,497 - INFO - Dropping duplicates
2026-02-26 21:10:50,505 - INFO - Applying Label Encoder
2026-02-26 21:10:50,512 - INFO - Label Mappings Are
2026-02-26 21:10:50,513 - INFO - type_of_meal_plan: {'Meal Plan 1': np.int64(0), 'Meal Plan 2': np.int64(1), 'Meal Plan 3': np.int64(2), 'Not Selected': np.int64(3)}
2026-02-26 21:10:50,513 - INFO - required_car_parking_space: {np.int64(0): np.int64(0), np.int64(1): np.int64(1)}
2026-02-26 21:10:50,513 - INFO - room_type_reserved: {'Room_Type 1': np.int64(0), 'Room_Type 2': np.int64(1), 'Room_Type 3': np.int64(2), 'Room_Type 4': np.int64(3), 'Room_Type 5': np.int64(4), 'Room_Type 6': np.int64(5), 'Room_Type 7': np.int64(6)}
2026-02-26 21:10:50,513 - INFO - market_segment_type: {'Aviation': np.int64(0), 'Complementary': np.int64(1), 'Corporate': np.int64(2), 'Offline': np.int64(3), 'Online': np.int64(4)}
2026-02-26 21:10:50,513 - INFO - repeated_guest: {np.int64(0): np.int64(0), np.int64(1): np.int64(1)}
2026-02-26 21:10:50,513 - INFO - booking_status: {'Canceled': np.int64(0), 'Not_Canceled': np.int64(1)}
2026-02-26 21:10:50,513 - INFO - Handle skew data
2026-02-26 21:10:50,515 - INFO - Handling Imbalanced Data
2026-02-26 21:10:52,825 - INFO - Data balanced succesfully
2026-02-26 21:10:52,826 - INFO - Starting feature selection.
2026-02-26 21:10:54,479 - INFO - Feature Selection completed.
2026-02-26 21:10:54,479 - INFO - Top 10 features: ['lead_time', 'no_of_special_requests', 'avg_price_per_room', 'arrival_month', 'arrival_date', 'market_segment_type', 'no_of_week_nights', 'no_of_weekend_nights', 'type_of_meal_plan', 'room_type_reserved']
2026-02-26 21:10:54,483 - INFO - Starting feature selection.
2026-02-26 21:10:54,650 - INFO - Data saved successfully.
2026-02-26 21:10:54,650 - INFO - Starting feature selection.
2026-02-26 21:10:54,758 - INFO - Data saved successfully.
2026-02-26 21:10:54,758 - INFO - Data processing completed successfully.
2026-02-26 21:10:56,641 - INFO - Starting model training pipeline
2026-02-26 21:10:56,641 - INFO - Starting MLFlow Experimentation
2026-02-26 21:10:56,861 - INFO - Loading Data from artifacts/processed\processed_train.csv
2026-02-26 21:10:56,861 - INFO - Loading data
2026-02-26 21:10:56,875 - INFO - Loading Data from artifacts/processed\processed_test.csv
2026-02-26 21:10:56,875 - INFO - Loading data
2026-02-26 21:10:56,884 - INFO - Data splitted successfully.
2026-02-26 21:10:56,884 - INFO - Initializing model
2026-02-26 21:10:56,884 - INFO - Starting our hyperparameter tuning
2026-02-26 21:10:56,884 - INFO - Starting our model training.
2026-02-26 21:11:35,664 - INFO - Hyperparameter tuning completed.
2026-02-26 21:11:35,664 - INFO - Best Parameters are: {'boosting_type': 'gbdt', 'learning_rate': np.float64(0.1293700315892974), 'max_depth': 23, 'n_estimators': 314, 'num_leaves': 94}
2026-02-26 21:11:35,664 - INFO - Model Evaluation...
2026-02-26 21:11:35,699 - INFO - Accuracy: 0.9754201975747928
2026-02-26 21:11:35,699 - INFO - Precision Score: 0.986953642384106
2026-02-26 21:11:35,699 - INFO - Recall Score: 0.9784649727529381
2026-02-26 21:11:35,699 - INFO - F1 Score: 0.9826909762289406
2026-02-26 21:11:35,699 - INFO - Saving the model
2026-02-26 21:11:35,725 - INFO - Save model successfully to: artifacts/models/lgbm_model.pkl
2026-02-26 21:11:35,770 - INFO - Model training successfully completed.
