2026-02-16 19:36:06,317 - INFO - Successfully read the YAML file
2026-02-16 19:36:06,317 - INFO - Loading data from Raw Directory.
2026-02-16 19:36:06,317 - INFO - Loading data
2026-02-16 19:36:06,354 - INFO - Loading data
2026-02-16 19:36:06,392 - INFO - Starting data preprocessing
2026-02-16 19:36:06,392 - INFO - Dropping useless columns
2026-02-16 19:36:06,392 - INFO - Dropping duplicates
2026-02-16 19:36:06,393 - ERROR - Error during preprocessing 'NoneType' object has no attribute 'drop_duplicates'
2026-02-16 19:36:06,393 - ERROR - Error during preprocessing pipeline 'AttributeError' object has no attribute 'exc_info'
2026-02-16 19:36:39,756 - INFO - Successfully read the YAML file
2026-02-16 19:36:39,757 - INFO - Loading data from Raw Directory.
2026-02-16 19:36:39,757 - INFO - Loading data
2026-02-16 19:36:39,792 - INFO - Loading data
2026-02-16 19:36:39,827 - INFO - Starting data preprocessing
2026-02-16 19:36:39,828 - INFO - Dropping useless columns
2026-02-16 19:36:39,828 - INFO - Dropping duplicates
2026-02-16 19:36:39,839 - INFO - Applying Label Encoder
2026-02-16 19:36:39,852 - INFO - Label Mappings Are
2026-02-16 19:36:39,852 - INFO - type_of_meal_plan: {'Meal Plan 1': np.int64(0), 'Meal Plan 2': np.int64(1), 'Meal Plan 3': np.int64(2), 'Not Selected': np.int64(3)}
2026-02-16 19:36:39,852 - INFO - required_car_parking_space: {np.int64(0): np.int64(0), np.int64(1): np.int64(1)}
2026-02-16 19:36:39,852 - INFO - room_type_reserved: {'Room_Type 1': np.int64(0), 'Room_Type 2': np.int64(1), 'Room_Type 3': np.int64(2), 'Room_Type 4': np.int64(3), 'Room_Type 5': np.int64(4), 'Room_Type 6': np.int64(5), 'Room_Type 7': np.int64(6)}
2026-02-16 19:36:39,852 - INFO - market_segment_type: {'Aviation': np.int64(0), 'Complementary': np.int64(1), 'Corporate': np.int64(2), 'Offline': np.int64(3), 'Online': np.int64(4)}
2026-02-16 19:36:39,852 - INFO - repeated_guest: {np.int64(0): np.int64(0), np.int64(1): np.int64(1)}
2026-02-16 19:36:39,852 - INFO - booking_status: {'Canceled': np.int64(0), 'Not_Canceled': np.int64(1)}
2026-02-16 19:36:39,852 - INFO - Handle skew data
2026-02-16 19:36:39,853 - ERROR - Error during preprocessing 22.00148924862885
2026-02-16 19:36:39,854 - ERROR - Error during preprocessing pipeline 'KeyError' object has no attribute 'exc_info'
2026-02-16 19:39:24,878 - INFO - Successfully read the YAML file
2026-02-16 19:39:24,878 - INFO - Loading data from Raw Directory.
2026-02-16 19:39:24,878 - INFO - Loading data
2026-02-16 19:39:24,916 - INFO - Loading data
2026-02-16 19:39:24,954 - INFO - Starting data preprocessing
2026-02-16 19:39:24,954 - INFO - Dropping useless columns
2026-02-16 19:39:24,955 - INFO - Dropping duplicates
2026-02-16 19:39:24,968 - INFO - Applying Label Encoder
2026-02-16 19:39:24,980 - INFO - Label Mappings Are
2026-02-16 19:39:24,980 - INFO - type_of_meal_plan: {'Meal Plan 1': np.int64(0), 'Meal Plan 2': np.int64(1), 'Meal Plan 3': np.int64(2), 'Not Selected': np.int64(3)}
2026-02-16 19:39:24,980 - INFO - required_car_parking_space: {np.int64(0): np.int64(0), np.int64(1): np.int64(1)}
2026-02-16 19:39:24,980 - INFO - room_type_reserved: {'Room_Type 1': np.int64(0), 'Room_Type 2': np.int64(1), 'Room_Type 3': np.int64(2), 'Room_Type 4': np.int64(3), 'Room_Type 5': np.int64(4), 'Room_Type 6': np.int64(5), 'Room_Type 7': np.int64(6)}
2026-02-16 19:39:24,980 - INFO - market_segment_type: {'Aviation': np.int64(0), 'Complementary': np.int64(1), 'Corporate': np.int64(2), 'Offline': np.int64(3), 'Online': np.int64(4)}
2026-02-16 19:39:24,980 - INFO - repeated_guest: {np.int64(0): np.int64(0), np.int64(1): np.int64(1)}
2026-02-16 19:39:24,980 - INFO - booking_status: {'Canceled': np.int64(0), 'Not_Canceled': np.int64(1)}
2026-02-16 19:39:24,980 - INFO - Handle skew data
2026-02-16 19:40:39,815 - INFO - Successfully read the YAML file
2026-02-16 19:40:39,815 - INFO - Loading data from Raw Directory.
2026-02-16 19:40:39,815 - INFO - Loading data
2026-02-16 19:40:39,854 - INFO - Loading data
2026-02-16 19:40:39,889 - INFO - Starting data preprocessing
2026-02-16 19:40:39,889 - INFO - Dropping useless columns
2026-02-16 19:40:39,890 - INFO - Dropping duplicates
2026-02-16 19:40:39,902 - INFO - Applying Label Encoder
2026-02-16 19:40:39,914 - INFO - Label Mappings Are
2026-02-16 19:40:39,914 - INFO - type_of_meal_plan: {'Meal Plan 1': np.int64(0), 'Meal Plan 2': np.int64(1), 'Meal Plan 3': np.int64(2), 'Not Selected': np.int64(3)}
2026-02-16 19:40:39,914 - INFO - required_car_parking_space: {np.int64(0): np.int64(0), np.int64(1): np.int64(1)}
2026-02-16 19:40:39,914 - INFO - room_type_reserved: {'Room_Type 1': np.int64(0), 'Room_Type 2': np.int64(1), 'Room_Type 3': np.int64(2), 'Room_Type 4': np.int64(3), 'Room_Type 5': np.int64(4), 'Room_Type 6': np.int64(5), 'Room_Type 7': np.int64(6)}
2026-02-16 19:40:39,914 - INFO - market_segment_type: {'Aviation': np.int64(0), 'Complementary': np.int64(1), 'Corporate': np.int64(2), 'Offline': np.int64(3), 'Online': np.int64(4)}
2026-02-16 19:40:39,914 - INFO - repeated_guest: {np.int64(0): np.int64(0), np.int64(1): np.int64(1)}
2026-02-16 19:40:39,914 - INFO - booking_status: {'Canceled': np.int64(0), 'Not_Canceled': np.int64(1)}
2026-02-16 19:40:39,914 - INFO - Handle skew data
2026-02-16 19:40:39,917 - INFO - Starting data preprocessing
2026-02-16 19:40:39,917 - INFO - Dropping useless columns
2026-02-16 19:40:39,918 - INFO - Dropping duplicates
2026-02-16 19:40:39,930 - INFO - Applying Label Encoder
2026-02-16 19:40:39,941 - INFO - Label Mappings Are
2026-02-16 19:40:39,941 - INFO - type_of_meal_plan: {'Meal Plan 1': np.int64(0), 'Meal Plan 2': np.int64(1), 'Meal Plan 3': np.int64(2), 'Not Selected': np.int64(3)}
2026-02-16 19:40:39,941 - INFO - required_car_parking_space: {np.int64(0): np.int64(0), np.int64(1): np.int64(1)}
2026-02-16 19:40:39,941 - INFO - room_type_reserved: {'Room_Type 1': np.int64(0), 'Room_Type 2': np.int64(1), 'Room_Type 3': np.int64(2), 'Room_Type 4': np.int64(3), 'Room_Type 5': np.int64(4), 'Room_Type 6': np.int64(5), 'Room_Type 7': np.int64(6)}
2026-02-16 19:40:39,941 - INFO - market_segment_type: {'Aviation': np.int64(0), 'Complementary': np.int64(1), 'Corporate': np.int64(2), 'Offline': np.int64(3), 'Online': np.int64(4)}
2026-02-16 19:40:39,941 - INFO - repeated_guest: {np.int64(0): np.int64(0), np.int64(1): np.int64(1)}
2026-02-16 19:40:39,941 - INFO - booking_status: {'Canceled': np.int64(0), 'Not_Canceled': np.int64(1)}
2026-02-16 19:40:39,941 - INFO - Handle skew data
2026-02-16 19:40:39,944 - INFO - Handling Imbalanced Data
2026-02-16 19:40:41,587 - INFO - Data balanced succesfully
2026-02-16 19:40:41,588 - INFO - Starting feature selection.
2026-02-16 19:40:41,589 - ERROR - Error during feature selection step 'NoneType' object has no attribute 'drop'
2026-02-16 19:40:41,589 - ERROR - Error during preprocessing pipeline 'AttributeError' object has no attribute 'exc_info'
2026-02-16 19:44:46,793 - INFO - Successfully read the YAML file
2026-02-16 19:44:46,793 - INFO - Loading data from Raw Directory.
2026-02-16 19:44:46,793 - INFO - Loading data
2026-02-16 19:44:46,832 - INFO - Loading data
2026-02-16 19:44:46,869 - INFO - Starting data preprocessing
2026-02-16 19:44:46,870 - INFO - Dropping useless columns
2026-02-16 19:44:46,871 - INFO - Dropping duplicates
2026-02-16 19:44:46,885 - INFO - Applying Label Encoder
2026-02-16 19:44:46,898 - INFO - Label Mappings Are
2026-02-16 19:44:46,898 - INFO - type_of_meal_plan: {'Meal Plan 1': np.int64(0), 'Meal Plan 2': np.int64(1), 'Meal Plan 3': np.int64(2), 'Not Selected': np.int64(3)}
2026-02-16 19:44:46,898 - INFO - required_car_parking_space: {np.int64(0): np.int64(0), np.int64(1): np.int64(1)}
2026-02-16 19:44:46,898 - INFO - room_type_reserved: {'Room_Type 1': np.int64(0), 'Room_Type 2': np.int64(1), 'Room_Type 3': np.int64(2), 'Room_Type 4': np.int64(3), 'Room_Type 5': np.int64(4), 'Room_Type 6': np.int64(5), 'Room_Type 7': np.int64(6)}
2026-02-16 19:44:46,898 - INFO - market_segment_type: {'Aviation': np.int64(0), 'Complementary': np.int64(1), 'Corporate': np.int64(2), 'Offline': np.int64(3), 'Online': np.int64(4)}
2026-02-16 19:44:46,898 - INFO - repeated_guest: {np.int64(0): np.int64(0), np.int64(1): np.int64(1)}
2026-02-16 19:44:46,898 - INFO - booking_status: {'Canceled': np.int64(0), 'Not_Canceled': np.int64(1)}
2026-02-16 19:44:46,898 - INFO - Handle skew data
2026-02-16 19:44:46,902 - INFO - Starting data preprocessing
2026-02-16 19:44:46,902 - INFO - Dropping useless columns
2026-02-16 19:44:46,902 - INFO - Dropping duplicates
2026-02-16 19:44:46,914 - INFO - Applying Label Encoder
2026-02-16 19:44:46,925 - INFO - Label Mappings Are
2026-02-16 19:44:46,925 - INFO - type_of_meal_plan: {'Meal Plan 1': np.int64(0), 'Meal Plan 2': np.int64(1), 'Meal Plan 3': np.int64(2), 'Not Selected': np.int64(3)}
2026-02-16 19:44:46,925 - INFO - required_car_parking_space: {np.int64(0): np.int64(0), np.int64(1): np.int64(1)}
2026-02-16 19:44:46,925 - INFO - room_type_reserved: {'Room_Type 1': np.int64(0), 'Room_Type 2': np.int64(1), 'Room_Type 3': np.int64(2), 'Room_Type 4': np.int64(3), 'Room_Type 5': np.int64(4), 'Room_Type 6': np.int64(5), 'Room_Type 7': np.int64(6)}
2026-02-16 19:44:46,925 - INFO - market_segment_type: {'Aviation': np.int64(0), 'Complementary': np.int64(1), 'Corporate': np.int64(2), 'Offline': np.int64(3), 'Online': np.int64(4)}
2026-02-16 19:44:46,926 - INFO - repeated_guest: {np.int64(0): np.int64(0), np.int64(1): np.int64(1)}
2026-02-16 19:44:46,926 - INFO - booking_status: {'Canceled': np.int64(0), 'Not_Canceled': np.int64(1)}
2026-02-16 19:44:46,926 - INFO - Handle skew data
2026-02-16 19:44:46,928 - INFO - Handling Imbalanced Data
2026-02-16 19:44:48,586 - INFO - Data balanced succesfully
2026-02-16 19:44:48,587 - INFO - Starting feature selection.
2026-02-16 19:45:12,925 - INFO - Successfully read the YAML file
2026-02-16 19:45:12,925 - INFO - Loading data from Raw Directory.
2026-02-16 19:45:12,925 - INFO - Loading data
2026-02-16 19:45:12,960 - INFO - Loading data
2026-02-16 19:45:12,997 - INFO - Starting data preprocessing
2026-02-16 19:45:12,997 - INFO - Dropping useless columns
2026-02-16 19:45:12,999 - INFO - Dropping duplicates
2026-02-16 19:45:13,010 - INFO - Applying Label Encoder
2026-02-16 19:45:13,018 - INFO - Label Mappings Are
2026-02-16 19:45:13,018 - INFO - type_of_meal_plan: {'Meal Plan 1': np.int64(0), 'Meal Plan 2': np.int64(1), 'Meal Plan 3': np.int64(2), 'Not Selected': np.int64(3)}
2026-02-16 19:45:13,018 - INFO - required_car_parking_space: {np.int64(0): np.int64(0), np.int64(1): np.int64(1)}
2026-02-16 19:45:13,018 - INFO - room_type_reserved: {'Room_Type 1': np.int64(0), 'Room_Type 2': np.int64(1), 'Room_Type 3': np.int64(2), 'Room_Type 4': np.int64(3), 'Room_Type 5': np.int64(4), 'Room_Type 6': np.int64(5), 'Room_Type 7': np.int64(6)}
2026-02-16 19:45:13,018 - INFO - market_segment_type: {'Aviation': np.int64(0), 'Complementary': np.int64(1), 'Corporate': np.int64(2), 'Offline': np.int64(3), 'Online': np.int64(4)}
2026-02-16 19:45:13,018 - INFO - repeated_guest: {np.int64(0): np.int64(0), np.int64(1): np.int64(1)}
2026-02-16 19:45:13,018 - INFO - booking_status: {'Canceled': np.int64(0), 'Not_Canceled': np.int64(1)}
2026-02-16 19:45:13,018 - INFO - Handle skew data
2026-02-16 19:45:13,020 - INFO - Starting data preprocessing
2026-02-16 19:45:13,020 - INFO - Dropping useless columns
2026-02-16 19:45:13,020 - INFO - Dropping duplicates
2026-02-16 19:45:13,032 - INFO - Applying Label Encoder
2026-02-16 19:45:13,039 - INFO - Label Mappings Are
2026-02-16 19:45:13,039 - INFO - type_of_meal_plan: {'Meal Plan 1': np.int64(0), 'Meal Plan 2': np.int64(1), 'Meal Plan 3': np.int64(2), 'Not Selected': np.int64(3)}
2026-02-16 19:45:13,039 - INFO - required_car_parking_space: {np.int64(0): np.int64(0), np.int64(1): np.int64(1)}
2026-02-16 19:45:13,039 - INFO - room_type_reserved: {'Room_Type 1': np.int64(0), 'Room_Type 2': np.int64(1), 'Room_Type 3': np.int64(2), 'Room_Type 4': np.int64(3), 'Room_Type 5': np.int64(4), 'Room_Type 6': np.int64(5), 'Room_Type 7': np.int64(6)}
2026-02-16 19:45:13,039 - INFO - market_segment_type: {'Aviation': np.int64(0), 'Complementary': np.int64(1), 'Corporate': np.int64(2), 'Offline': np.int64(3), 'Online': np.int64(4)}
2026-02-16 19:45:13,039 - INFO - repeated_guest: {np.int64(0): np.int64(0), np.int64(1): np.int64(1)}
2026-02-16 19:45:13,039 - INFO - booking_status: {'Canceled': np.int64(0), 'Not_Canceled': np.int64(1)}
2026-02-16 19:45:13,039 - INFO - Handle skew data
2026-02-16 19:45:13,041 - INFO - Handling Imbalanced Data
2026-02-16 19:45:14,485 - INFO - Data balanced succesfully
2026-02-16 19:45:14,486 - INFO - Starting feature selection.
2026-02-16 19:45:16,103 - ERROR - Error during feature selection step 'data_preprocessing'
2026-02-16 19:45:16,103 - ERROR - Error during preprocessing pipeline 'KeyError' object has no attribute 'exc_info'
2026-02-16 19:45:53,976 - INFO - Successfully read the YAML file
2026-02-16 19:45:53,976 - INFO - Loading data from Raw Directory.
2026-02-16 19:45:53,976 - INFO - Loading data
2026-02-16 19:45:54,013 - INFO - Loading data
2026-02-16 19:45:54,049 - INFO - Starting data preprocessing
2026-02-16 19:45:54,049 - INFO - Dropping useless columns
2026-02-16 19:45:54,051 - INFO - Dropping duplicates
2026-02-16 19:45:54,063 - INFO - Applying Label Encoder
2026-02-16 19:45:54,075 - INFO - Label Mappings Are
2026-02-16 19:45:54,075 - INFO - type_of_meal_plan: {'Meal Plan 1': np.int64(0), 'Meal Plan 2': np.int64(1), 'Meal Plan 3': np.int64(2), 'Not Selected': np.int64(3)}
2026-02-16 19:45:54,075 - INFO - required_car_parking_space: {np.int64(0): np.int64(0), np.int64(1): np.int64(1)}
2026-02-16 19:45:54,075 - INFO - room_type_reserved: {'Room_Type 1': np.int64(0), 'Room_Type 2': np.int64(1), 'Room_Type 3': np.int64(2), 'Room_Type 4': np.int64(3), 'Room_Type 5': np.int64(4), 'Room_Type 6': np.int64(5), 'Room_Type 7': np.int64(6)}
2026-02-16 19:45:54,075 - INFO - market_segment_type: {'Aviation': np.int64(0), 'Complementary': np.int64(1), 'Corporate': np.int64(2), 'Offline': np.int64(3), 'Online': np.int64(4)}
2026-02-16 19:45:54,075 - INFO - repeated_guest: {np.int64(0): np.int64(0), np.int64(1): np.int64(1)}
2026-02-16 19:45:54,075 - INFO - booking_status: {'Canceled': np.int64(0), 'Not_Canceled': np.int64(1)}
2026-02-16 19:45:54,075 - INFO - Handle skew data
2026-02-16 19:45:54,079 - INFO - Starting data preprocessing
2026-02-16 19:45:54,079 - INFO - Dropping useless columns
2026-02-16 19:45:54,079 - INFO - Dropping duplicates
2026-02-16 19:45:54,090 - INFO - Applying Label Encoder
2026-02-16 19:45:54,101 - INFO - Label Mappings Are
2026-02-16 19:45:54,102 - INFO - type_of_meal_plan: {'Meal Plan 1': np.int64(0), 'Meal Plan 2': np.int64(1), 'Meal Plan 3': np.int64(2), 'Not Selected': np.int64(3)}
2026-02-16 19:45:54,102 - INFO - required_car_parking_space: {np.int64(0): np.int64(0), np.int64(1): np.int64(1)}
2026-02-16 19:45:54,102 - INFO - room_type_reserved: {'Room_Type 1': np.int64(0), 'Room_Type 2': np.int64(1), 'Room_Type 3': np.int64(2), 'Room_Type 4': np.int64(3), 'Room_Type 5': np.int64(4), 'Room_Type 6': np.int64(5), 'Room_Type 7': np.int64(6)}
2026-02-16 19:45:54,102 - INFO - market_segment_type: {'Aviation': np.int64(0), 'Complementary': np.int64(1), 'Corporate': np.int64(2), 'Offline': np.int64(3), 'Online': np.int64(4)}
2026-02-16 19:45:54,102 - INFO - repeated_guest: {np.int64(0): np.int64(0), np.int64(1): np.int64(1)}
2026-02-16 19:45:54,102 - INFO - booking_status: {'Canceled': np.int64(0), 'Not_Canceled': np.int64(1)}
2026-02-16 19:45:54,102 - INFO - Handle skew data
2026-02-16 19:45:54,104 - INFO - Handling Imbalanced Data
2026-02-16 19:45:55,550 - INFO - Data balanced succesfully
2026-02-16 19:45:55,552 - INFO - Starting feature selection.
2026-02-16 19:45:57,207 - ERROR - Error during feature selection step 'data_preprocessing'
2026-02-16 19:45:57,207 - ERROR - Error during preprocessing pipeline 'KeyError' object has no attribute 'exc_info'
2026-02-16 19:46:23,713 - INFO - Successfully read the YAML file
2026-02-16 19:46:23,714 - INFO - Loading data from Raw Directory.
2026-02-16 19:46:23,714 - INFO - Loading data
2026-02-16 19:46:23,751 - INFO - Loading data
2026-02-16 19:46:23,789 - INFO - Starting data preprocessing
2026-02-16 19:46:23,789 - INFO - Dropping useless columns
2026-02-16 19:46:23,791 - INFO - Dropping duplicates
2026-02-16 19:46:23,804 - INFO - Applying Label Encoder
2026-02-16 19:46:23,816 - INFO - Label Mappings Are
2026-02-16 19:46:23,816 - INFO - type_of_meal_plan: {'Meal Plan 1': np.int64(0), 'Meal Plan 2': np.int64(1), 'Meal Plan 3': np.int64(2), 'Not Selected': np.int64(3)}
2026-02-16 19:46:23,816 - INFO - required_car_parking_space: {np.int64(0): np.int64(0), np.int64(1): np.int64(1)}
2026-02-16 19:46:23,816 - INFO - room_type_reserved: {'Room_Type 1': np.int64(0), 'Room_Type 2': np.int64(1), 'Room_Type 3': np.int64(2), 'Room_Type 4': np.int64(3), 'Room_Type 5': np.int64(4), 'Room_Type 6': np.int64(5), 'Room_Type 7': np.int64(6)}
2026-02-16 19:46:23,816 - INFO - market_segment_type: {'Aviation': np.int64(0), 'Complementary': np.int64(1), 'Corporate': np.int64(2), 'Offline': np.int64(3), 'Online': np.int64(4)}
2026-02-16 19:46:23,816 - INFO - repeated_guest: {np.int64(0): np.int64(0), np.int64(1): np.int64(1)}
2026-02-16 19:46:23,816 - INFO - booking_status: {'Canceled': np.int64(0), 'Not_Canceled': np.int64(1)}
2026-02-16 19:46:23,816 - INFO - Handle skew data
2026-02-16 19:46:23,819 - INFO - Starting data preprocessing
2026-02-16 19:46:23,819 - INFO - Dropping useless columns
2026-02-16 19:46:23,820 - INFO - Dropping duplicates
2026-02-16 19:46:23,832 - INFO - Applying Label Encoder
2026-02-16 19:46:23,843 - INFO - Label Mappings Are
2026-02-16 19:46:23,843 - INFO - type_of_meal_plan: {'Meal Plan 1': np.int64(0), 'Meal Plan 2': np.int64(1), 'Meal Plan 3': np.int64(2), 'Not Selected': np.int64(3)}
2026-02-16 19:46:23,843 - INFO - required_car_parking_space: {np.int64(0): np.int64(0), np.int64(1): np.int64(1)}
2026-02-16 19:46:23,843 - INFO - room_type_reserved: {'Room_Type 1': np.int64(0), 'Room_Type 2': np.int64(1), 'Room_Type 3': np.int64(2), 'Room_Type 4': np.int64(3), 'Room_Type 5': np.int64(4), 'Room_Type 6': np.int64(5), 'Room_Type 7': np.int64(6)}
2026-02-16 19:46:23,843 - INFO - market_segment_type: {'Aviation': np.int64(0), 'Complementary': np.int64(1), 'Corporate': np.int64(2), 'Offline': np.int64(3), 'Online': np.int64(4)}
2026-02-16 19:46:23,843 - INFO - repeated_guest: {np.int64(0): np.int64(0), np.int64(1): np.int64(1)}
2026-02-16 19:46:23,843 - INFO - booking_status: {'Canceled': np.int64(0), 'Not_Canceled': np.int64(1)}
2026-02-16 19:46:23,843 - INFO - Handle skew data
2026-02-16 19:46:23,846 - INFO - Handling Imbalanced Data
2026-02-16 19:46:25,293 - INFO - Data balanced succesfully
2026-02-16 19:46:25,295 - INFO - Starting feature selection.
2026-02-16 19:47:23,911 - INFO - Successfully read the YAML file
2026-02-16 19:47:23,912 - INFO - Loading data from Raw Directory.
2026-02-16 19:47:23,912 - INFO - Loading data
2026-02-16 19:47:23,949 - INFO - Loading data
2026-02-16 19:47:23,986 - INFO - Starting data preprocessing
2026-02-16 19:47:23,986 - INFO - Dropping useless columns
2026-02-16 19:47:23,987 - INFO - Dropping duplicates
2026-02-16 19:47:23,999 - INFO - Applying Label Encoder
2026-02-16 19:47:24,010 - INFO - Label Mappings Are
2026-02-16 19:47:24,010 - INFO - type_of_meal_plan: {'Meal Plan 1': np.int64(0), 'Meal Plan 2': np.int64(1), 'Meal Plan 3': np.int64(2), 'Not Selected': np.int64(3)}
2026-02-16 19:47:24,010 - INFO - required_car_parking_space: {np.int64(0): np.int64(0), np.int64(1): np.int64(1)}
2026-02-16 19:47:24,011 - INFO - room_type_reserved: {'Room_Type 1': np.int64(0), 'Room_Type 2': np.int64(1), 'Room_Type 3': np.int64(2), 'Room_Type 4': np.int64(3), 'Room_Type 5': np.int64(4), 'Room_Type 6': np.int64(5), 'Room_Type 7': np.int64(6)}
2026-02-16 19:47:24,011 - INFO - market_segment_type: {'Aviation': np.int64(0), 'Complementary': np.int64(1), 'Corporate': np.int64(2), 'Offline': np.int64(3), 'Online': np.int64(4)}
2026-02-16 19:47:24,011 - INFO - repeated_guest: {np.int64(0): np.int64(0), np.int64(1): np.int64(1)}
2026-02-16 19:47:24,011 - INFO - booking_status: {'Canceled': np.int64(0), 'Not_Canceled': np.int64(1)}
2026-02-16 19:47:24,011 - INFO - Handle skew data
2026-02-16 19:47:24,014 - INFO - Starting data preprocessing
2026-02-16 19:47:24,014 - INFO - Dropping useless columns
2026-02-16 19:47:24,015 - INFO - Dropping duplicates
2026-02-16 19:47:24,026 - INFO - Applying Label Encoder
2026-02-16 19:47:24,038 - INFO - Label Mappings Are
2026-02-16 19:47:24,038 - INFO - type_of_meal_plan: {'Meal Plan 1': np.int64(0), 'Meal Plan 2': np.int64(1), 'Meal Plan 3': np.int64(2), 'Not Selected': np.int64(3)}
2026-02-16 19:47:24,038 - INFO - required_car_parking_space: {np.int64(0): np.int64(0), np.int64(1): np.int64(1)}
2026-02-16 19:47:24,038 - INFO - room_type_reserved: {'Room_Type 1': np.int64(0), 'Room_Type 2': np.int64(1), 'Room_Type 3': np.int64(2), 'Room_Type 4': np.int64(3), 'Room_Type 5': np.int64(4), 'Room_Type 6': np.int64(5), 'Room_Type 7': np.int64(6)}
2026-02-16 19:47:24,038 - INFO - market_segment_type: {'Aviation': np.int64(0), 'Complementary': np.int64(1), 'Corporate': np.int64(2), 'Offline': np.int64(3), 'Online': np.int64(4)}
2026-02-16 19:47:24,038 - INFO - repeated_guest: {np.int64(0): np.int64(0), np.int64(1): np.int64(1)}
2026-02-16 19:47:24,038 - INFO - booking_status: {'Canceled': np.int64(0), 'Not_Canceled': np.int64(1)}
2026-02-16 19:47:24,038 - INFO - Handle skew data
2026-02-16 19:47:24,041 - INFO - Handling Imbalanced Data
2026-02-16 19:47:25,461 - INFO - Data balanced succesfully
2026-02-16 19:47:25,462 - INFO - Starting feature selection.
2026-02-16 19:47:27,119 - INFO - Feature Selection completed.
2026-02-16 19:47:27,120 - INFO - Top 10 features: ['lead_time', 'no_of_special_requests', 'avg_price_per_room', 'arrival_month', 'arrival_date', 'market_segment_type', 'no_of_week_nights', 'no_of_weekend_nights', 'type_of_meal_plan', 'room_type_reserved']
2026-02-16 19:47:27,125 - ERROR - Error during preprocessing pipeline "None of [Index(['lead_time', 'no_of_special_requests', 'avg_price_per_room',\n       'arrival_month', 'arrival_date', 'market_segment_type',\n       'no_of_week_nights', 'no_of_weekend_nights', 'type_of_meal_plan',\n       'room_type_reserved', 'booking_status'],\n      dtype='str')] are in the [index]"
2026-02-16 19:48:07,653 - INFO - Successfully read the YAML file
2026-02-16 19:48:07,654 - INFO - Loading data from Raw Directory.
2026-02-16 19:48:07,654 - INFO - Loading data
2026-02-16 19:48:07,690 - INFO - Loading data
2026-02-16 19:48:07,726 - INFO - Starting data preprocessing
2026-02-16 19:48:07,726 - INFO - Dropping useless columns
2026-02-16 19:48:07,727 - INFO - Dropping duplicates
2026-02-16 19:48:07,740 - INFO - Applying Label Encoder
2026-02-16 19:48:07,752 - INFO - Label Mappings Are
2026-02-16 19:48:07,752 - INFO - type_of_meal_plan: {'Meal Plan 1': np.int64(0), 'Meal Plan 2': np.int64(1), 'Meal Plan 3': np.int64(2), 'Not Selected': np.int64(3)}
2026-02-16 19:48:07,752 - INFO - required_car_parking_space: {np.int64(0): np.int64(0), np.int64(1): np.int64(1)}
2026-02-16 19:48:07,752 - INFO - room_type_reserved: {'Room_Type 1': np.int64(0), 'Room_Type 2': np.int64(1), 'Room_Type 3': np.int64(2), 'Room_Type 4': np.int64(3), 'Room_Type 5': np.int64(4), 'Room_Type 6': np.int64(5), 'Room_Type 7': np.int64(6)}
2026-02-16 19:48:07,752 - INFO - market_segment_type: {'Aviation': np.int64(0), 'Complementary': np.int64(1), 'Corporate': np.int64(2), 'Offline': np.int64(3), 'Online': np.int64(4)}
2026-02-16 19:48:07,752 - INFO - repeated_guest: {np.int64(0): np.int64(0), np.int64(1): np.int64(1)}
2026-02-16 19:48:07,752 - INFO - booking_status: {'Canceled': np.int64(0), 'Not_Canceled': np.int64(1)}
2026-02-16 19:48:07,752 - INFO - Handle skew data
2026-02-16 19:48:07,755 - INFO - Starting data preprocessing
2026-02-16 19:48:07,755 - INFO - Dropping useless columns
2026-02-16 19:48:07,756 - INFO - Dropping duplicates
2026-02-16 19:48:07,768 - INFO - Applying Label Encoder
2026-02-16 19:48:07,779 - INFO - Label Mappings Are
2026-02-16 19:48:07,779 - INFO - type_of_meal_plan: {'Meal Plan 1': np.int64(0), 'Meal Plan 2': np.int64(1), 'Meal Plan 3': np.int64(2), 'Not Selected': np.int64(3)}
2026-02-16 19:48:07,779 - INFO - required_car_parking_space: {np.int64(0): np.int64(0), np.int64(1): np.int64(1)}
2026-02-16 19:48:07,779 - INFO - room_type_reserved: {'Room_Type 1': np.int64(0), 'Room_Type 2': np.int64(1), 'Room_Type 3': np.int64(2), 'Room_Type 4': np.int64(3), 'Room_Type 5': np.int64(4), 'Room_Type 6': np.int64(5), 'Room_Type 7': np.int64(6)}
2026-02-16 19:48:07,779 - INFO - market_segment_type: {'Aviation': np.int64(0), 'Complementary': np.int64(1), 'Corporate': np.int64(2), 'Offline': np.int64(3), 'Online': np.int64(4)}
2026-02-16 19:48:07,779 - INFO - repeated_guest: {np.int64(0): np.int64(0), np.int64(1): np.int64(1)}
2026-02-16 19:48:07,779 - INFO - booking_status: {'Canceled': np.int64(0), 'Not_Canceled': np.int64(1)}
2026-02-16 19:48:07,779 - INFO - Handle skew data
2026-02-16 19:48:07,782 - INFO - Handling Imbalanced Data
2026-02-16 19:48:09,205 - INFO - Data balanced succesfully
2026-02-16 19:48:09,207 - INFO - Starting feature selection.
2026-02-16 19:48:10,881 - INFO - Feature Selection completed.
2026-02-16 19:48:10,882 - INFO - Top 10 features: ['lead_time', 'no_of_special_requests', 'avg_price_per_room', 'arrival_month', 'arrival_date', 'market_segment_type', 'no_of_week_nights', 'no_of_weekend_nights', 'type_of_meal_plan', 'room_type_reserved']
2026-02-16 19:48:49,347 - INFO - Successfully read the YAML file
2026-02-16 19:48:49,348 - INFO - Loading data from Raw Directory.
2026-02-16 19:48:49,348 - INFO - Loading data
2026-02-16 19:48:49,386 - INFO - Loading data
2026-02-16 19:48:49,421 - INFO - Starting data preprocessing
2026-02-16 19:48:49,421 - INFO - Dropping useless columns
2026-02-16 19:48:49,422 - INFO - Dropping duplicates
2026-02-16 19:48:49,434 - INFO - Applying Label Encoder
2026-02-16 19:48:49,446 - INFO - Label Mappings Are
2026-02-16 19:48:49,446 - INFO - type_of_meal_plan: {'Meal Plan 1': np.int64(0), 'Meal Plan 2': np.int64(1), 'Meal Plan 3': np.int64(2), 'Not Selected': np.int64(3)}
2026-02-16 19:48:49,446 - INFO - required_car_parking_space: {np.int64(0): np.int64(0), np.int64(1): np.int64(1)}
2026-02-16 19:48:49,446 - INFO - room_type_reserved: {'Room_Type 1': np.int64(0), 'Room_Type 2': np.int64(1), 'Room_Type 3': np.int64(2), 'Room_Type 4': np.int64(3), 'Room_Type 5': np.int64(4), 'Room_Type 6': np.int64(5), 'Room_Type 7': np.int64(6)}
2026-02-16 19:48:49,446 - INFO - market_segment_type: {'Aviation': np.int64(0), 'Complementary': np.int64(1), 'Corporate': np.int64(2), 'Offline': np.int64(3), 'Online': np.int64(4)}
2026-02-16 19:48:49,446 - INFO - repeated_guest: {np.int64(0): np.int64(0), np.int64(1): np.int64(1)}
2026-02-16 19:48:49,446 - INFO - booking_status: {'Canceled': np.int64(0), 'Not_Canceled': np.int64(1)}
2026-02-16 19:48:49,446 - INFO - Handle skew data
2026-02-16 19:48:49,449 - INFO - Starting data preprocessing
2026-02-16 19:48:49,449 - INFO - Dropping useless columns
2026-02-16 19:48:49,450 - INFO - Dropping duplicates
2026-02-16 19:48:49,462 - INFO - Applying Label Encoder
2026-02-16 19:48:49,472 - INFO - Label Mappings Are
2026-02-16 19:48:49,472 - INFO - type_of_meal_plan: {'Meal Plan 1': np.int64(0), 'Meal Plan 2': np.int64(1), 'Meal Plan 3': np.int64(2), 'Not Selected': np.int64(3)}
2026-02-16 19:48:49,472 - INFO - required_car_parking_space: {np.int64(0): np.int64(0), np.int64(1): np.int64(1)}
2026-02-16 19:48:49,472 - INFO - room_type_reserved: {'Room_Type 1': np.int64(0), 'Room_Type 2': np.int64(1), 'Room_Type 3': np.int64(2), 'Room_Type 4': np.int64(3), 'Room_Type 5': np.int64(4), 'Room_Type 6': np.int64(5), 'Room_Type 7': np.int64(6)}
2026-02-16 19:48:49,472 - INFO - market_segment_type: {'Aviation': np.int64(0), 'Complementary': np.int64(1), 'Corporate': np.int64(2), 'Offline': np.int64(3), 'Online': np.int64(4)}
2026-02-16 19:48:49,472 - INFO - repeated_guest: {np.int64(0): np.int64(0), np.int64(1): np.int64(1)}
2026-02-16 19:48:49,472 - INFO - booking_status: {'Canceled': np.int64(0), 'Not_Canceled': np.int64(1)}
2026-02-16 19:48:49,472 - INFO - Handle skew data
2026-02-16 19:48:49,475 - INFO - Handling Imbalanced Data
2026-02-16 19:48:50,898 - INFO - Data balanced succesfully
2026-02-16 19:48:50,899 - INFO - Starting feature selection.
2026-02-16 19:48:52,615 - INFO - Feature Selection completed.
2026-02-16 19:48:52,615 - INFO - Top 10 features: ['lead_time', 'no_of_special_requests', 'avg_price_per_room', 'arrival_month', 'arrival_date', 'market_segment_type', 'no_of_week_nights', 'no_of_weekend_nights', 'type_of_meal_plan', 'room_type_reserved']
2026-02-16 19:48:52,619 - INFO - Starting feature selection.
2026-02-16 19:48:52,781 - INFO - Data saved successfully.
2026-02-16 19:48:52,781 - INFO - Starting feature selection.
2026-02-16 19:48:52,891 - INFO - Data saved successfully.
2026-02-16 19:48:52,891 - INFO - Data processing completed successfully.
2026-02-16 20:23:47,240 - INFO - Starting model training pipeline
2026-02-16 20:23:47,240 - INFO - Loading Data from artifacts/processed\processed_train.csv
2026-02-16 20:23:47,240 - INFO - Loading data
2026-02-16 20:23:47,257 - INFO - Loading Data from artifacts/processed\processed_test.csv
2026-02-16 20:23:47,257 - INFO - Loading data
2026-02-16 20:23:47,269 - INFO - Data splitted successfully.
2026-02-16 20:23:47,269 - INFO - Initializing model
2026-02-16 20:23:47,269 - INFO - Starting our hyperparameter tuning
2026-02-16 20:23:47,269 - INFO - Starting our model training.
2026-02-16 20:23:47,269 - ERROR - Error while training the model The 'scoring' parameter of RandomizedSearchCV must be a str among {'precision_weighted', 'recall', 'completeness_score', 'neg_max_error', 'recall_micro', 'neg_mean_squared_log_error', 'roc_auc_ovr_weighted', 'accuracy', 'roc_auc_ovo_weighted', 'average_precision', 'precision_macro', 'balanced_accuracy', 'neg_mean_gamma_deviance', 'roc_auc_ovo', 'v_measure_score', 'neg_median_absolute_error', 'normalized_mutual_info_score', 'jaccard', 'f1', 'explained_variance', 'jaccard_samples', 'precision_micro', 'neg_mean_absolute_error', 'adjusted_rand_score', 'f1_micro', 'rand_score', 'homogeneity_score', 'top_k_accuracy', 'neg_brier_score', 'neg_root_mean_squared_log_error', 'r2', 'd2_log_loss_score', 'recall_weighted', 'adjusted_mutual_info_score', 'neg_mean_poisson_deviance', 'precision', 'neg_log_loss', 'neg_mean_squared_error', 'd2_brier_score', 'neg_mean_absolute_percentage_error', 'roc_auc_ovr', 'neg_negative_likelihood_ratio', 'neg_root_mean_squared_error', 'jaccard_micro', 'fowlkes_mallows_score', 'positive_likelihood_ratio', 'jaccard_macro', 'd2_absolute_error_score', 'f1_weighted', 'recall_macro', 'f1_macro', 'jaccard_weighted', 'mutual_info_score', 'matthews_corrcoef', 'f1_samples', 'precision_samples', 'roc_auc', 'recall_samples'}, a callable, an instance of 'list', an instance of 'tuple', an instance of 'dict' or None. Got 'f1-score' instead.
2026-02-16 20:23:47,269 - ERROR - Error while saving the model The 'scoring' parameter of RandomizedSearchCV must be a str among {'precision_weighted', 'recall', 'completeness_score', 'neg_max_error', 'recall_micro', 'neg_mean_squared_log_error', 'roc_auc_ovr_weighted', 'accuracy', 'roc_auc_ovo_weighted', 'average_precision', 'precision_macro', 'balanced_accuracy', 'neg_mean_gamma_deviance', 'roc_auc_ovo', 'v_measure_score', 'neg_median_absolute_error', 'normalized_mutual_info_score', 'jaccard', 'f1', 'explained_variance', 'jaccard_samples', 'precision_micro', 'neg_mean_absolute_error', 'adjusted_rand_score', 'f1_micro', 'rand_score', 'homogeneity_score', 'top_k_accuracy', 'neg_brier_score', 'neg_root_mean_squared_log_error', 'r2', 'd2_log_loss_score', 'recall_weighted', 'adjusted_mutual_info_score', 'neg_mean_poisson_deviance', 'precision', 'neg_log_loss', 'neg_mean_squared_error', 'd2_brier_score', 'neg_mean_absolute_percentage_error', 'roc_auc_ovr', 'neg_negative_likelihood_ratio', 'neg_root_mean_squared_error', 'jaccard_micro', 'fowlkes_mallows_score', 'positive_likelihood_ratio', 'jaccard_macro', 'd2_absolute_error_score', 'f1_weighted', 'recall_macro', 'f1_macro', 'jaccard_weighted', 'mutual_info_score', 'matthews_corrcoef', 'f1_samples', 'precision_samples', 'roc_auc', 'recall_samples'}, a callable, an instance of 'list', an instance of 'tuple', an instance of 'dict' or None. Got 'f1-score' instead.
2026-02-16 20:24:21,073 - INFO - Starting model training pipeline
2026-02-16 20:24:21,073 - INFO - Loading Data from artifacts/processed\processed_train.csv
2026-02-16 20:24:21,073 - INFO - Loading data
2026-02-16 20:24:21,091 - INFO - Loading Data from artifacts/processed\processed_test.csv
2026-02-16 20:24:21,091 - INFO - Loading data
2026-02-16 20:24:21,103 - INFO - Data splitted successfully.
2026-02-16 20:24:21,103 - INFO - Initializing model
2026-02-16 20:24:21,103 - INFO - Starting our hyperparameter tuning
2026-02-16 20:24:21,103 - INFO - Starting our model training.
2026-02-16 20:24:29,810 - INFO - Hyperparameter tuning completed.
2026-02-16 20:24:29,810 - INFO - Best Parameters are: {'bossting_type': 'goss', 'learning_rate': np.float64(0.18323522915498705), 'max_depth': 40, 'n_estimators': 459, 'num_leaves': 43}
2026-02-16 20:24:29,811 - INFO - Model Evaluation...
2026-02-16 20:24:29,842 - INFO - Accuracy: 0.9698487756917459
2026-02-16 20:24:29,842 - INFO - Precision Score: 0.9847789963443004
2026-02-16 20:24:29,842 - INFO - Recall Score: 0.9727529380867966
2026-02-16 20:24:29,843 - INFO - f2 Score: 0.978729026291452
2026-02-16 20:24:29,843 - ERROR - Error while model Evaluation 'Model'
2026-02-16 20:24:29,843 - ERROR - Error while saving the model 'Model'
2026-02-16 20:24:47,405 - INFO - Starting model training pipeline
2026-02-16 20:24:47,405 - INFO - Loading Data from artifacts/processed\processed_train.csv
2026-02-16 20:24:47,405 - INFO - Loading data
2026-02-16 20:24:47,423 - INFO - Loading Data from artifacts/processed\processed_test.csv
2026-02-16 20:24:47,423 - INFO - Loading data
2026-02-16 20:24:47,434 - INFO - Data splitted successfully.
2026-02-16 20:24:47,434 - INFO - Initializing model
2026-02-16 20:24:47,434 - INFO - Starting our hyperparameter tuning
2026-02-16 20:24:47,434 - INFO - Starting our model training.
2026-02-16 20:24:56,336 - INFO - Hyperparameter tuning completed.
2026-02-16 20:24:56,336 - INFO - Best Parameters are: {'boosting_type': 'gbdt', 'learning_rate': np.float64(0.1293700315892974), 'max_depth': 23, 'n_estimators': 314, 'num_leaves': 94}
2026-02-16 20:24:56,336 - INFO - Model Evaluation...
2026-02-16 20:24:56,371 - INFO - Accuracy: 0.9754201975747928
2026-02-16 20:24:56,371 - INFO - Precision Score: 0.986953642384106
2026-02-16 20:24:56,371 - INFO - Recall Score: 0.9784649727529381
2026-02-16 20:24:56,371 - INFO - f2 Score: 0.9826909762289406
2026-02-16 20:24:56,371 - ERROR - Error while model Evaluation 'Model'
2026-02-16 20:24:56,371 - ERROR - Error while saving the model 'Model'
2026-02-16 20:27:14,040 - INFO - Starting model training pipeline
2026-02-16 20:27:14,041 - INFO - Loading Data from artifacts/processed\processed_train.csv
2026-02-16 20:27:14,041 - INFO - Loading data
2026-02-16 20:27:14,060 - INFO - Loading Data from artifacts/processed\processed_test.csv
2026-02-16 20:27:14,060 - INFO - Loading data
2026-02-16 20:27:14,073 - INFO - Data splitted successfully.
2026-02-16 20:27:14,073 - INFO - Initializing model
2026-02-16 20:27:14,073 - INFO - Starting our hyperparameter tuning
2026-02-16 20:27:14,073 - INFO - Starting our model training.
2026-02-16 20:27:24,271 - INFO - Hyperparameter tuning completed.
2026-02-16 20:27:24,271 - INFO - Best Parameters are: {'boosting_type': 'gbdt', 'learning_rate': np.float64(0.1293700315892974), 'max_depth': 23, 'n_estimators': 314, 'num_leaves': 94}
2026-02-16 20:27:24,272 - INFO - Model Evaluation...
2026-02-16 20:27:24,310 - INFO - Accuracy: 0.9754201975747928
2026-02-16 20:27:24,310 - INFO - Precision Score: 0.986953642384106
2026-02-16 20:27:24,310 - INFO - Recall Score: 0.9784649727529381
2026-02-16 20:27:24,310 - INFO - F1 Score: 0.9826909762289406
2026-02-16 20:28:51,741 - INFO - Starting model training pipeline
2026-02-16 20:28:51,741 - INFO - Loading Data from artifacts/processed\processed_train.csv
2026-02-16 20:28:51,741 - INFO - Loading data
2026-02-16 20:28:51,760 - INFO - Loading Data from artifacts/processed\processed_test.csv
2026-02-16 20:28:51,761 - INFO - Loading data
2026-02-16 20:28:51,774 - INFO - Data splitted successfully.
2026-02-16 20:28:51,774 - INFO - Initializing model
2026-02-16 20:28:51,774 - INFO - Starting our hyperparameter tuning
2026-02-16 20:28:51,774 - INFO - Starting our model training.
2026-02-16 20:29:01,638 - INFO - Hyperparameter tuning completed.
2026-02-16 20:29:01,638 - INFO - Best Parameters are: {'boosting_type': 'gbdt', 'learning_rate': np.float64(0.1293700315892974), 'max_depth': 23, 'n_estimators': 314, 'num_leaves': 94}
2026-02-16 20:29:01,638 - INFO - Model Evaluation...
2026-02-16 20:29:01,682 - INFO - Accuracy: 0.9754201975747928
2026-02-16 20:29:01,682 - INFO - Precision Score: 0.986953642384106
2026-02-16 20:29:01,682 - INFO - Recall Score: 0.9784649727529381
2026-02-16 20:29:01,683 - INFO - F1 Score: 0.9826909762289406
2026-02-16 20:29:01,683 - ERROR - Error while model Evaluation 'Model'
2026-02-16 20:29:01,683 - ERROR - Error while saving the model 'Model'
2026-02-16 20:30:23,325 - INFO - Starting model training pipeline
2026-02-16 20:30:23,325 - INFO - Loading Data from artifacts/processed\processed_train.csv
2026-02-16 20:30:23,325 - INFO - Loading data
2026-02-16 20:30:23,344 - INFO - Loading Data from artifacts/processed\processed_test.csv
2026-02-16 20:30:23,344 - INFO - Loading data
2026-02-16 20:30:23,357 - INFO - Data splitted successfully.
2026-02-16 20:30:23,357 - INFO - Initializing model
2026-02-16 20:30:23,357 - INFO - Starting our hyperparameter tuning
2026-02-16 20:30:23,357 - INFO - Starting our model training.
2026-02-16 20:30:33,250 - INFO - Hyperparameter tuning completed.
2026-02-16 20:30:33,250 - INFO - Best Parameters are: {'boosting_type': 'gbdt', 'learning_rate': np.float64(0.1293700315892974), 'max_depth': 23, 'n_estimators': 314, 'num_leaves': 94}
2026-02-16 20:30:33,251 - INFO - Model Evaluation...
2026-02-16 20:30:38,951 - INFO - Accuracy: 0.9754201975747928
2026-02-16 20:30:39,866 - INFO - Precision Score: 0.986953642384106
2026-02-16 20:30:40,580 - INFO - Recall Score: 0.9784649727529381
2026-02-16 20:30:41,228 - INFO - F1 Score: 0.9826909762289406
2026-02-16 20:31:39,786 - INFO - Starting model training pipeline
2026-02-16 20:31:39,786 - INFO - Loading Data from artifacts/processed\processed_train.csv
2026-02-16 20:31:39,787 - INFO - Loading data
2026-02-16 20:31:39,804 - INFO - Loading Data from artifacts/processed\processed_test.csv
2026-02-16 20:31:39,805 - INFO - Loading data
2026-02-16 20:31:39,818 - INFO - Data splitted successfully.
2026-02-16 20:31:39,818 - INFO - Initializing model
2026-02-16 20:31:39,818 - INFO - Starting our hyperparameter tuning
2026-02-16 20:31:39,818 - INFO - Starting our model training.
2026-02-16 20:31:49,890 - INFO - Hyperparameter tuning completed.
2026-02-16 20:31:49,891 - INFO - Best Parameters are: {'boosting_type': 'gbdt', 'learning_rate': np.float64(0.1293700315892974), 'max_depth': 23, 'n_estimators': 314, 'num_leaves': 94}
2026-02-16 20:31:49,891 - INFO - Model Evaluation...
2026-02-16 20:31:53,540 - INFO - Accuracy: 0.9754201975747928
2026-02-16 20:31:53,540 - INFO - Precision Score: 0.986953642384106
2026-02-16 20:31:53,540 - INFO - Recall Score: 0.9784649727529381
2026-02-16 20:31:53,541 - INFO - F1 Score: 0.9826909762289406
2026-02-16 20:31:53,541 - INFO - Saving the model
2026-02-16 20:31:53,568 - INFO - Save model successfully to: artifacts/models/lgbm_model.pkl
2026-02-16 20:31:53,569 - INFO - Model training successfully completed.
2026-02-16 21:17:55,394 - INFO - Starting model training pipeline
2026-02-16 21:17:55,394 - INFO - Starting MLFlow Experimentation
2026-02-16 21:17:55,639 - INFO - Loading Data from artifacts/processed\processed_train.csv
2026-02-16 21:17:55,639 - INFO - Loading data
2026-02-16 21:17:55,652 - INFO - Loading Data from artifacts/processed\processed_test.csv
2026-02-16 21:17:55,653 - INFO - Loading data
2026-02-16 21:17:55,662 - INFO - Data splitted successfully.
2026-02-16 21:17:55,662 - INFO - Initializing model
2026-02-16 21:17:55,662 - INFO - Starting our hyperparameter tuning
2026-02-16 21:17:55,662 - INFO - Starting our model training.
2026-02-16 21:18:05,392 - INFO - Hyperparameter tuning completed.
2026-02-16 21:18:05,393 - INFO - Best Parameters are: {'boosting_type': 'gbdt', 'learning_rate': np.float64(0.1293700315892974), 'max_depth': 23, 'n_estimators': 314, 'num_leaves': 94}
2026-02-16 21:18:05,393 - INFO - Model Evaluation...
2026-02-16 21:18:05,422 - INFO - Accuracy: 0.9754201975747928
2026-02-16 21:18:05,422 - INFO - Precision Score: 0.986953642384106
2026-02-16 21:18:05,422 - INFO - Recall Score: 0.9784649727529381
2026-02-16 21:18:05,422 - INFO - F1 Score: 0.9826909762289406
2026-02-16 21:18:05,422 - INFO - Saving the model
2026-02-16 21:18:05,445 - INFO - Save model successfully to: artifacts/models/lgbm_model.pkl
2026-02-16 21:18:05,487 - ERROR - Error while saving the model Invalid value "LGBMClassifier" for parameter 'metrics[0].value' supplied: (timestamp=1771294685470). Please specify value as a valid double (64-bit floating point)
2026-02-16 21:19:54,596 - INFO - Starting model training pipeline
2026-02-16 21:19:54,596 - INFO - Starting MLFlow Experimentation
2026-02-16 21:19:54,812 - INFO - Loading Data from artifacts/processed\processed_train.csv
2026-02-16 21:19:54,812 - INFO - Loading data
2026-02-16 21:19:54,825 - INFO - Loading Data from artifacts/processed\processed_test.csv
2026-02-16 21:19:54,825 - INFO - Loading data
2026-02-16 21:19:54,835 - INFO - Data splitted successfully.
2026-02-16 21:19:54,835 - INFO - Initializing model
2026-02-16 21:19:54,835 - INFO - Starting our hyperparameter tuning
2026-02-16 21:19:54,835 - INFO - Starting our model training.
2026-02-16 21:20:04,280 - INFO - Hyperparameter tuning completed.
2026-02-16 21:20:04,280 - INFO - Best Parameters are: {'boosting_type': 'gbdt', 'learning_rate': np.float64(0.1293700315892974), 'max_depth': 23, 'n_estimators': 314, 'num_leaves': 94}
2026-02-16 21:20:04,280 - INFO - Model Evaluation...
2026-02-16 21:20:04,315 - INFO - Accuracy: 0.9754201975747928
2026-02-16 21:20:04,315 - INFO - Precision Score: 0.986953642384106
2026-02-16 21:20:04,315 - INFO - Recall Score: 0.9784649727529381
2026-02-16 21:20:04,315 - INFO - F1 Score: 0.9826909762289406
2026-02-16 21:20:04,316 - INFO - Saving the model
2026-02-16 21:20:04,340 - INFO - Save model successfully to: artifacts/models/lgbm_model.pkl
2026-02-16 21:20:04,357 - ERROR - Error while saving the model [Errno 2] No such file or directory: 'LGBMClassifier'
2026-02-16 21:20:26,055 - INFO - Starting model training pipeline
2026-02-16 21:20:26,055 - INFO - Starting MLFlow Experimentation
2026-02-16 21:20:26,270 - INFO - Loading Data from artifacts/processed\processed_train.csv
2026-02-16 21:20:26,270 - INFO - Loading data
2026-02-16 21:20:26,283 - INFO - Loading Data from artifacts/processed\processed_test.csv
2026-02-16 21:20:26,284 - INFO - Loading data
2026-02-16 21:20:26,293 - INFO - Data splitted successfully.
2026-02-16 21:20:26,293 - INFO - Initializing model
2026-02-16 21:20:26,293 - INFO - Starting our hyperparameter tuning
2026-02-16 21:20:26,293 - INFO - Starting our model training.
2026-02-16 21:20:35,506 - INFO - Hyperparameter tuning completed.
2026-02-16 21:20:35,506 - INFO - Best Parameters are: {'boosting_type': 'gbdt', 'learning_rate': np.float64(0.1293700315892974), 'max_depth': 23, 'n_estimators': 314, 'num_leaves': 94}
2026-02-16 21:20:35,506 - INFO - Model Evaluation...
2026-02-16 21:20:35,536 - INFO - Accuracy: 0.9754201975747928
2026-02-16 21:20:35,536 - INFO - Precision Score: 0.986953642384106
2026-02-16 21:20:35,536 - INFO - Recall Score: 0.9784649727529381
2026-02-16 21:20:35,536 - INFO - F1 Score: 0.9826909762289406
2026-02-16 21:20:35,536 - INFO - Saving the model
2026-02-16 21:20:35,561 - INFO - Save model successfully to: artifacts/models/lgbm_model.pkl
2026-02-16 21:20:35,602 - INFO - Model training successfully completed.
2026-02-16 21:23:31,985 - INFO - Starting model training pipeline
2026-02-16 21:23:31,985 - INFO - Starting MLFlow Experimentation
2026-02-16 21:23:32,203 - INFO - Loading Data from artifacts/processed\processed_train.csv
2026-02-16 21:23:32,203 - INFO - Loading data
2026-02-16 21:23:32,216 - INFO - Loading Data from artifacts/processed\processed_test.csv
2026-02-16 21:23:32,216 - INFO - Loading data
2026-02-16 21:23:32,226 - INFO - Data splitted successfully.
2026-02-16 21:23:32,226 - INFO - Initializing model
2026-02-16 21:23:32,226 - INFO - Starting our hyperparameter tuning
2026-02-16 21:23:32,226 - INFO - Starting our model training.
2026-02-16 21:24:10,381 - INFO - Hyperparameter tuning completed.
2026-02-16 21:24:10,381 - INFO - Best Parameters are: {'boosting_type': 'gbdt', 'learning_rate': np.float64(0.1293700315892974), 'max_depth': 23, 'n_estimators': 314, 'num_leaves': 94}
2026-02-16 21:24:10,381 - INFO - Model Evaluation...
2026-02-16 21:24:10,417 - INFO - Accuracy: 0.9754201975747928
2026-02-16 21:24:10,417 - INFO - Precision Score: 0.986953642384106
2026-02-16 21:24:10,417 - INFO - Recall Score: 0.9784649727529381
2026-02-16 21:24:10,417 - INFO - F1 Score: 0.9826909762289406
2026-02-16 21:24:10,417 - INFO - Saving the model
2026-02-16 21:24:10,446 - INFO - Save model successfully to: artifacts/models/lgbm_model.pkl
2026-02-16 21:24:10,488 - INFO - Model training successfully completed.
